<?xml version="1.0" encoding="UTF-8"?>
<testng-results ignored="0" total="1" passed="0" failed="1" skipped="0">
  <reporter-output>
  </reporter-output>
  <suite started-at="2020-05-06T19:12:37 IST" name="Default suite" finished-at="2020-05-06T19:15:19 IST" duration-ms="161999">
    <groups>
      <group name="regression">
        <method signature="UnlockMarksEntryTestCases.UnlockMarksEntryExe()[pri:0, instance:WebTestCases.UnlockMarksEntryTestCases@1a04f701]" name="UnlockMarksEntryExe" class="WebTestCases.UnlockMarksEntryTestCases"/>
      </group> <!-- regression -->
      <group name="Web Application">
        <method signature="UnlockMarksEntryTestCases.UnlockMarksEntryExe()[pri:0, instance:WebTestCases.UnlockMarksEntryTestCases@1a04f701]" name="UnlockMarksEntryExe" class="WebTestCases.UnlockMarksEntryTestCases"/>
      </group> <!-- Web Application -->
      <group name="smoke">
        <method signature="UnlockMarksEntryTestCases.UnlockMarksEntryExe()[pri:0, instance:WebTestCases.UnlockMarksEntryTestCases@1a04f701]" name="UnlockMarksEntryExe" class="WebTestCases.UnlockMarksEntryTestCases"/>
      </group> <!-- smoke -->
    </groups>
    <test started-at="2020-05-06T19:12:37 IST" name="Default test" finished-at="2020-05-06T19:15:19 IST" duration-ms="161999">
      <class name="WebTestCases.UnlockMarksEntryTestCases">
        <test-method signature="UnlockMarksEntryExe()[pri:0, instance:WebTestCases.UnlockMarksEntryTestCases@1a04f701]" started-at="2020-05-06T19:12:37 IST" name="UnlockMarksEntryExe" description="Unlock Marks Entry Page Functional TestCases" finished-at="2020-05-06T19:15:17 IST" duration-ms="159960" status="FAIL">
          <exception class="org.openqa.selenium.TimeoutException">
            <message>
              <![CDATA[Expected condition failed: waiting for visibility of element located by By.xpath: //span[contains(text(),'--Select Subjects--')] (tried for 100 second(s) with 5000 milliseconds interval)]]>
            </message>
            <full-stacktrace>
              <![CDATA[org.openqa.selenium.TimeoutException: Expected condition failed: waiting for visibility of element located by By.xpath: //span[contains(text(),'--Select Subjects--')] (tried for 100 second(s) with 5000 milliseconds interval)
at org.openqa.selenium.support.ui.WebDriverWait.timeoutException(WebDriverWait.java:113)
at org.openqa.selenium.support.ui.FluentWait.until(FluentWait.java:283)
at WebUtil.WebActions.waitForVisible(WebActions.java:57)
at WebUtil.WebActions.Click(WebActions.java:69)
at WebPages.UnlockMarksEntry.UM_VerifyCancelButn(UnlockMarksEntry.java:312)
at WebTestCases.UnlockMarksEntryTestCases.UnlockMarksEntryExe(UnlockMarksEntryTestCases.java:61)
at java.base/jdk.internal.reflect.NativeMethodAccessorImpl.invoke0(Native Method)
at java.base/jdk.internal.reflect.NativeMethodAccessorImpl.invoke(NativeMethodAccessorImpl.java:62)
at java.base/jdk.internal.reflect.DelegatingMethodAccessorImpl.invoke(DelegatingMethodAccessorImpl.java:43)
at java.base/java.lang.reflect.Method.invoke(Method.java:564)
at org.testng.internal.MethodInvocationHelper.invokeMethod(MethodInvocationHelper.java:134)
at org.testng.internal.TestInvoker.invokeMethod(TestInvoker.java:597)
at org.testng.internal.TestInvoker.invokeTestMethod(TestInvoker.java:173)
at org.testng.internal.MethodRunner.runInSequence(MethodRunner.java:46)
at org.testng.internal.TestInvoker$MethodInvocationAgent.invoke(TestInvoker.java:816)
at org.testng.internal.TestInvoker.invokeTestMethods(TestInvoker.java:146)
at org.testng.internal.TestMethodWorker.invokeTestMethods(TestMethodWorker.java:146)
at org.testng.internal.TestMethodWorker.run(TestMethodWorker.java:128)
at java.base/java.util.ArrayList.forEach(ArrayList.java:1510)
at org.testng.TestRunner.privateRun(TestRunner.java:766)
at org.testng.TestRunner.run(TestRunner.java:587)
at org.testng.SuiteRunner.runTest(SuiteRunner.java:384)
at org.testng.SuiteRunner.runSequentially(SuiteRunner.java:378)
at org.testng.SuiteRunner.privateRun(SuiteRunner.java:337)
at org.testng.SuiteRunner.run(SuiteRunner.java:286)
at org.testng.SuiteRunnerWorker.runSuite(SuiteRunnerWorker.java:53)
at org.testng.SuiteRunnerWorker.run(SuiteRunnerWorker.java:96)
at org.testng.TestNG.runSuitesSequentially(TestNG.java:1187)
at org.testng.TestNG.runSuitesLocally(TestNG.java:1109)
at org.testng.TestNG.runSuites(TestNG.java:1039)
at org.testng.TestNG.run(TestNG.java:1007)
at org.testng.remote.AbstractRemoteTestNG.run(AbstractRemoteTestNG.java:115)
at org.testng.remote.RemoteTestNG.initAndRun(RemoteTestNG.java:251)
at org.testng.remote.RemoteTestNG.main(RemoteTestNG.java:77)
Caused by: org.openqa.selenium.NoSuchElementException: Cannot locate an element using By.xpath: //span[contains(text(),'--Select Subjects--')]
For documentation on this error, please visit: http://seleniumhq.org/exceptions/no_such_element.html
Build info: version: '3.14.0', revision: 'aacccce0', time: '2018-08-02T20:19:58.91Z'
System info: host: 'DESKTOP-6VOTVFS', ip: '192.168.1.100', os.name: 'Windows 10', os.arch: 'amd64', os.version: '10.0', java.version: '14.0.1'
Driver info: driver.version: unknown
at org.openqa.selenium.support.ui.ExpectedConditions.lambda$findElement$0(ExpectedConditions.java:896)
at java.base/java.util.Optional.orElseThrow(Optional.java:401)
at org.openqa.selenium.support.ui.ExpectedConditions.findElement(ExpectedConditions.java:895)
at org.openqa.selenium.support.ui.ExpectedConditions.access$000(ExpectedConditions.java:44)
at org.openqa.selenium.support.ui.ExpectedConditions$7.apply(ExpectedConditions.java:206)
at org.openqa.selenium.support.ui.ExpectedConditions$7.apply(ExpectedConditions.java:202)
at org.openqa.selenium.support.ui.FluentWait.until(FluentWait.java:260)
... 32 more
]]>
            </full-stacktrace>
          </exception> <!-- org.openqa.selenium.TimeoutException -->
          <reporter-output>
          </reporter-output>
        </test-method> <!-- UnlockMarksEntryExe -->
      </class> <!-- WebTestCases.UnlockMarksEntryTestCases -->
    </test> <!-- Default test -->
  </suite> <!-- Default suite -->
</testng-results>
